<?xml version="1.0" encoding="UTF-8"?>
<!-- Generated by org.testng.reporters.JUnitReportReporter -->
<testsuite hostname="DESKTOP-T79U3K4" failures="0" tests="1" name="testng.demo" time="0.004" errors="0" timestamp="2025-03-12T02:47:21 CST" skipped="0">
  <testcase classname="testng.demo" name="testHello" time="0.004"/>
  <system-out/>
</testsuite> <!-- testng.demo -->
